*** Using Compiler 'V5.06 update 7 (build 960)', folder: 'E:\Keil_v5\ARM\ARMCC\Bin'
Build target 'Target 1'
compiling main.c...
linking...
.\Objects\Project.axf: error: L6007U: Could not recognize the format of file .\objects\heap_4.o.
Not enough information to list image symbols.
Not enough information to list load addresses in the image map.
Finished: 2 information, 0 warning, 0 error and 1 fatal error messages.
".\Objects\Project.axf" - 1 Error(s), 0 Warning(s).
Target not created.
Build Time Elapsed:  00:00:03

compiling system_stm32f10x.c...
compiling stm32f10x_fsmc.c...
compiling stm32f10x_i2c.c...
compiling stm32f10x_iwdg.c...
compiling stm32f10x_pwr.c...
compiling stm32f10x_rcc.c...
compiling croutine.c...
compiling stm32f10x_rtc.c...
compiling stm32f10x_sdio.c...
compiling stm32f10x_spi.c...
compiling stm32f10x_wwdg.c...
compiling Delay.c...
compiling LED.c...
compiling Key.c...
compiling PWM.c...
compiling stm32f10x_usart.c...
compiling OLED.c...
compiling main.c...
compiling stm32f10x_tim.c...
compiling stm32f10x_it.c...
compiling list.c...
compiling Servo.c...
compiling event_groups.c...
compiling stream_buffer.c...
compiling queue.c...
compiling heap_4.c...
compiling timers.c...
compiling tasks.c...
compiling port.c...
linking...
Program Size: Code=4852 RO-data=268 RW-data=120 ZI-data=19240  
".\Objects\Project.axf" - 0 Error(s), 0 Warning(s).
Build Time Elapsed:  00:00:03
